<?xml version="1.0" encoding="UTF-8"?>
<!-- Generated by org.testng.reporters.JUnitXMLReporter -->
<testsuite ignored="0" hostname="HC-5ZBQ6S3" failures="2" tests="8" name="priority1" time="0.097" errors="0" timestamp="2024-05-20T12:20:18 IST">
  <testcase classname="test.test1" name="zfirstDemo" time="0.0">
    <failure type="org.testng.TestNGException" message="
Parameter &amp;apos;url&amp;apos; is required by @Test on method zfirstDemo but has not been marked @Optional or defined
in C:\Users\503137521.HCAD\eclipse-workspace\TesNGTutorial\testng2.xml">
      <![CDATA[org.testng.TestNGException: 
Parameter 'url' is required by @Test on method zfirstDemo but has not been marked @Optional or defined
in C:\Users\503137521.HCAD\eclipse-workspace\TesNGTutorial\testng2.xml
at java.base/java.util.ArrayList.forEach(ArrayList.java:1511)
... Removed 26 stack frames]]>
    </failure>
  </testcase> <!-- zfirstDemo -->
  <testcase classname="test.test1" name="secondDemo" time="0.0">
    <skipped/>
  </testcase> <!-- secondDemo -->
  <testcase classname="test.test2" name="test2FirstDemo" time="0.002"/>
  <testcase classname="test.test2" name="test2SecondDemo" time="0.002"/>
  <testcase classname="test.test3" name="test3FirstDemo" time="0.001"/>
  <testcase classname="test.test3" name="test3SecondDemo" time="0.0">
    <failure type="org.testng.TestNGException" message="
Parameter &amp;apos;url&amp;apos; is required by @Test on method test3SecondDemo but has not been marked @Optional or defined
in C:\Users\503137521.HCAD\eclipse-workspace\TesNGTutorial\testng2.xml">
      <![CDATA[org.testng.TestNGException: 
Parameter 'url' is required by @Test on method test3SecondDemo but has not been marked @Optional or defined
in C:\Users\503137521.HCAD\eclipse-workspace\TesNGTutorial\testng2.xml
at java.base/java.util.ArrayList.forEach(ArrayList.java:1511)
... Removed 26 stack frames]]>
    </failure>
  </testcase> <!-- test3SecondDemo -->
  <testcase classname="test.test4" name="test4FirstDemo" time="0.001"/>
  <testcase classname="test.test4" name="test4SecondDemo" time="0.001"/>
</testsuite> <!-- priority1 -->
